<?xml version="1.0" encoding="UTF-8"?>
<!-- Generated by org.testng.reporters.JUnitReportReporter -->
<testsuite hostname="LAPTOP-1I2596E2" name="NewTest" tests="1" failures="0" timestamp="9 Jun 2020 01:30:52 GMT" time="0.009" errors="0">
  <testcase name="f" time="0.009" classname="NewTest"/>
</testsuite> <!-- NewTest -->
