<?xml version="1.0" encoding="UTF-8"?>
<!-- Generated by org.testng.reporters.JUnitReportReporter -->
<testsuite skipped="0" hostname="LAPTOP-1I2596E2" name="DriverFactory.AppTest" tests="1" failures="0" timestamp="22 Jun 2020 14:07:06 GMT" time="22.502" errors="0">
  <testcase name="kictStart" time="22.502" classname="DriverFactory.AppTest"/>
</testsuite> <!-- DriverFactory.AppTest -->
