<?xml version="1.0" encoding="UTF-8"?>
<!-- Generated by org.testng.reporters.JUnitReportReporter -->
<testsuite skipped="0" hostname="LAPTOP-1I2596E2" name="DriverFactory.AppTest" tests="1" failures="0" timestamp="14 Oct 2020 12:31:27 GMT" time="3.850" errors="0">
  <testcase name="kictStart" time="3.850" classname="DriverFactory.AppTest"/>
</testsuite> <!-- DriverFactory.AppTest -->
